<?xml version="1.0" encoding="UTF-8"?>
<!-- Generated by org.testng.reporters.JUnitReportReporter -->
<testsuite hostname="macs-MacBook-Pro.local" name="tests.BannerTest" tests="1" failures="0" timestamp="16 Aug 2019 10:17:15 GMT" time="7.489" errors="0">
  <testcase name="bannersclick" time="7.489" classname="tests.BannerTest"/>
</testsuite> <!-- tests.BannerTest -->
