<?xml version="1.0" encoding="UTF-8"?>
<!-- Generated by org.testng.reporters.JUnitReportReporter -->
<testsuite skipped="0" hostname="Bluetie-Tester-Poornima" name="tests.android.ExploreAnimationTest" tests="1" failures="0" timestamp="17 Nov 2019 10:03:46 GMT" time="0.024" errors="1">
  <testcase name="exploreanimationSteps" time="0.024" classname="tests.android.ExploreAnimationTest">
    <error type="java.lang.NullPointerException">
      <![CDATA[java.lang.NullPointerException
at com.bluetie.listeners.CustomListeners.onTestSkipped(CustomListeners.java:59)
at org.testng.internal.TestListenerHelper.runTestListeners(TestListenerHelper.java:61)
at org.testng.internal.Invoker.runTestListeners(Invoker.java:1388)
at org.testng.internal.Invoker.registerSkippedTestResult(Invoker.java:1062)
at org.testng.internal.Invoker.invokeMethod(Invoker.java:526)
at org.testng.internal.Invoker.invokeTestMethod(Invoker.java:716)
at org.testng.internal.Invoker.invokeTestMethods(Invoker.java:988)
at org.testng.internal.TestMethodWorker.invokeTestMethods(TestMethodWorker.java:125)
at org.testng.internal.TestMethodWorker.run(TestMethodWorker.java:109)
at org.testng.TestRunner.privateRun(TestRunner.java:648)
at org.testng.TestRunner.run(TestRunner.java:505)
at org.testng.SuiteRunner.runTest(SuiteRunner.java:455)
at org.testng.SuiteRunner.runSequentially(SuiteRunner.java:450)
at org.testng.SuiteRunner.privateRun(SuiteRunner.java:415)
at org.testng.SuiteRunner.run(SuiteRunner.java:364)
at org.testng.SuiteRunnerWorker.runSuite(SuiteRunnerWorker.java:52)
at org.testng.SuiteRunnerWorker.run(SuiteRunnerWorker.java:84)
at org.testng.TestNG.runSuitesSequentially(TestNG.java:1208)
at org.testng.TestNG.runSuitesLocally(TestNG.java:1137)
at org.testng.TestNG.runSuites(TestNG.java:1049)
at org.testng.TestNG.run(TestNG.java:1017)
at org.testng.remote.AbstractRemoteTestNG.run(AbstractRemoteTestNG.java:114)
at org.testng.remote.RemoteTestNG.initAndRun(RemoteTestNG.java:251)
at org.testng.remote.RemoteTestNG.main(RemoteTestNG.java:77)
]]>
    </error>
  </testcase> <!-- exploreanimationSteps -->
</testsuite> <!-- tests.android.ExploreAnimationTest -->
