<?xml version="1.0" encoding="UTF-8"?>
<!-- Generated by org.testng.reporters.JUnitReportReporter -->
<testsuite hostname="macs-MacBook-Pro.local" name="tests.LoginTest" tests="1" failures="0" timestamp="1 Aug 2019 09:32:42 GMT" time="9.047" errors="0">
  <testcase name="login" time="9.047" classname="tests.LoginTest"/>
</testsuite> <!-- tests.LoginTest -->
